<?xml version="1.0" encoding="UTF-8"?>
<!-- Generated by org.testng.reporters.JUnitReportReporter -->
<testsuite hostname="USABOS1003206L" name="test.ValidationTest" tests="1" failures="0" timestamp="26 Oct 2018 18:56:01 GMT" time="94.682" errors="0">
  <testcase name="ValidationTestPage" time="94.682" classname="test.ValidationTest"/>
</testsuite> <!-- test.ValidationTest -->
